{
  "RSpec": {
    "coverage": {
      "/Users/liamkilkenny/Documents/GitHub/Bookmark-manager/app.rb": {
        "lines": [
          1,
          1,
          1,
          null,
          1,
          1,
          0,
          null,
          null,
          1,
          1,
          null,
          null,
          null,
          1,
          1,
          null,
          null,
          1,
          1,
          1,
          null,
          null,
          null,
          1,
          null,
          null
        ]
      },
      "/Users/liamkilkenny/Documents/GitHub/Bookmark-manager/lib/bookmarks.rb": {
        "lines": [
          1,
          null,
          1,
          1,
          2,
          2,
          10,
          null,
          null
        ]
      },
      "/Users/liamkilkenny/Documents/GitHub/Bookmark-manager/spec/bookmarks_spec.rb": {
        "lines": [
          1,
          null,
          null,
          1,
          null,
          1,
          1,
          1,
          null,
          1,
          0,
          null,
          null,
          null,
          null,
          null
        ]
      },
      "/Users/liamkilkenny/Documents/GitHub/Bookmark-manager/spec/features/testing_infrastructure_spec.rb": {
        "lines": [
          1,
          1,
          1,
          1,
          null,
          null,
          null,
          null,
          null,
          null,
          null,
          1,
          1,
          1,
          1,
          null,
          null,
          1,
          1,
          1,
          1,
          null,
          null
        ]
      }
    },
    "timestamp": 1621346705
  }
}
