{
  "RSpec": {
    "coverage": {
      "/Users/mattedwards/Documents/MAKERS/PROJECTS/Bookmark-manager/app.rb": {
        "lines": [
          1,
          1,
          1,
          null,
          1,
          1,
          1,
          null,
          null,
          1,
          1,
          null,
          null,
          1,
          1,
          null,
          null,
          1,
          3,
          3,
          null,
          null,
          1,
          2,
          null,
          null,
          1,
          2,
          2,
          null,
          null,
          1,
          null
        ]
      },
      "/Users/mattedwards/Documents/MAKERS/PROJECTS/Bookmark-manager/lib/bookmarks.rb": {
        "lines": [
          1,
          null,
          1,
          1,
          1,
          17,
          17,
          17,
          null,
          null,
          null,
          1,
          4,
          4,
          null,
          0,
          null,
          null,
          4,
          4,
          8,
          null,
          null,
          null,
          null,
          null,
          1,
          9,
          9,
          null,
          0,
          null,
          null,
          9,
          9,
          null,
          null
        ]
      },
      "/Users/mattedwards/Documents/MAKERS/PROJECTS/Bookmark-manager/spec/bookmarks_spec.rb": {
        "lines": [
          1,
          1,
          null,
          1,
          1,
          1,
          1,
          null,
          null,
          1,
          1,
          1,
          null,
          1,
          null,
          1,
          1,
          1,
          1,
          1,
          null,
          null,
          null,
          1,
          1,
          1,
          1,
          null,
          1,
          1,
          1,
          1,
          null,
          null,
          null,
          null,
          null
        ]
      },
      "/Users/mattedwards/Documents/MAKERS/PROJECTS/Bookmark-manager/spec/database_helpers.rb": {
        "lines": [
          1,
          null,
          1,
          1,
          1,
          1,
          null
        ]
      },
      "/Users/mattedwards/Documents/MAKERS/PROJECTS/Bookmark-manager/spec/features/creating_bookmarks_spec.rb": {
        "lines": [
          1,
          1,
          1,
          1,
          1,
          1,
          null,
          1,
          null,
          null
        ]
      },
      "/Users/mattedwards/Documents/MAKERS/PROJECTS/Bookmark-manager/spec/features/testing_infrastructure_spec.rb": {
        "lines": [
          1,
          1,
          1,
          1,
          null,
          null,
          null,
          null,
          null,
          1,
          1,
          1,
          1,
          null,
          null,
          null,
          null,
          null,
          null,
          null,
          1,
          1,
          null,
          null,
          null,
          1,
          1,
          1,
          null,
          1,
          null,
          1,
          0,
          0,
          null,
          null,
          null,
          null,
          null,
          null,
          null,
          null,
          1,
          1,
          1,
          1,
          1,
          null,
          1,
          null,
          null
        ]
      }
    },
    "timestamp": 1621439323
  }
}
